<?xml version="1.0" encoding="UTF-8"?>
<!-- Generated by org.testng.reporters.JUnitXMLReporter -->
<testsuite hostname="Shailesh" name="Default test" tests="3" failures="0" timestamp="7 Jul 2021 11:32:28 GMT" time="13.82" errors="0">
  <testcase name="googlelogotest" time="0.091" classname="TACTOC.googleTest"/>
  <testcase name="mailLinktest" time="0.056" classname="TACTOC.googleTest"/>
  <testcase name="tittletest" time="0.017" classname="TACTOC.googleTest"/>
</testsuite> <!-- Default test -->
