<?xml version="1.0" encoding="UTF-8"?>
<testng-results skipped="0" failed="0" total="3" passed="3">
  <reporter-output>
  </reporter-output>
  <suite name="Default suite" duration-ms="13820" started-at="2021-07-07T11:32:14Z" finished-at="2021-07-07T11:32:28Z">
    <groups>
    </groups>
    <test name="Default test" duration-ms="13820" started-at="2021-07-07T11:32:14Z" finished-at="2021-07-07T11:32:28Z">
      <class name="TACTOC.googleTest">
        <test-method status="PASS" signature="setUp()[pri:0, instance:TACTOC.googleTest@fdefd3f]" name="setUp" is-config="true" duration-ms="4578" started-at="2021-07-07T17:02:14Z" finished-at="2021-07-07T17:02:19Z">
          <reporter-output>
          </reporter-output>
        </test-method> <!-- setUp -->
        <test-method status="PASS" signature="googlelogotest()[pri:0, instance:TACTOC.googleTest@fdefd3f]" name="googlelogotest" duration-ms="91" started-at="2021-07-07T17:02:19Z" finished-at="2021-07-07T17:02:19Z">
          <reporter-output>
          </reporter-output>
        </test-method> <!-- googlelogotest -->
        <test-method status="PASS" signature="tearDown()[pri:0, instance:TACTOC.googleTest@fdefd3f]" name="tearDown" is-config="true" duration-ms="1086" started-at="2021-07-07T17:02:19Z" finished-at="2021-07-07T17:02:20Z">
          <reporter-output>
          </reporter-output>
        </test-method> <!-- tearDown -->
        <test-method status="PASS" signature="setUp()[pri:0, instance:TACTOC.googleTest@fdefd3f]" name="setUp" is-config="true" duration-ms="2902" started-at="2021-07-07T17:02:20Z" finished-at="2021-07-07T17:02:23Z">
          <reporter-output>
          </reporter-output>
        </test-method> <!-- setUp -->
        <test-method status="PASS" signature="mailLinktest()[pri:0, instance:TACTOC.googleTest@fdefd3f]" name="mailLinktest" duration-ms="56" started-at="2021-07-07T17:02:23Z" finished-at="2021-07-07T17:02:23Z">
          <reporter-output>
          </reporter-output>
        </test-method> <!-- mailLinktest -->
        <test-method status="PASS" signature="tearDown()[pri:0, instance:TACTOC.googleTest@fdefd3f]" name="tearDown" is-config="true" duration-ms="1073" started-at="2021-07-07T17:02:23Z" finished-at="2021-07-07T17:02:24Z">
          <reporter-output>
          </reporter-output>
        </test-method> <!-- tearDown -->
        <test-method status="PASS" signature="setUp()[pri:0, instance:TACTOC.googleTest@fdefd3f]" name="setUp" is-config="true" duration-ms="2918" started-at="2021-07-07T17:02:24Z" finished-at="2021-07-07T17:02:27Z">
          <reporter-output>
          </reporter-output>
        </test-method> <!-- setUp -->
        <test-method status="PASS" signature="tittletest()[pri:0, instance:TACTOC.googleTest@fdefd3f]" name="tittletest" duration-ms="17" started-at="2021-07-07T17:02:27Z" finished-at="2021-07-07T17:02:27Z">
          <reporter-output>
          </reporter-output>
        </test-method> <!-- tittletest -->
        <test-method status="PASS" signature="tearDown()[pri:0, instance:TACTOC.googleTest@fdefd3f]" name="tearDown" is-config="true" duration-ms="1081" started-at="2021-07-07T17:02:27Z" finished-at="2021-07-07T17:02:28Z">
          <reporter-output>
          </reporter-output>
        </test-method> <!-- tearDown -->
      </class> <!-- TACTOC.googleTest -->
    </test> <!-- Default test -->
  </suite> <!-- Default suite -->
</testng-results>
